2025-06-08 12:52:07,875 - 应用已启动，常驻系统托盘中...
2025-06-08 13:01:45,749 - 应用已启动，常驻系统托盘中...
2025-06-08 13:02:21,179 - 等待 4 秒后尝试识别文件：D:/定期练手/自动归纳/monitor\4.5.2 用二分法求方程的近似解.ppt
2025-06-08 13:02:21,455 - 跳过已处理文件：D:/定期练手/自动归纳/monitor\4.5.2 用二分法求方程的近似解.ppt
2025-06-08 13:02:35,042 - 等待 4 秒后尝试识别文件：D:/定期练手/自动归纳/monitor\3.3幂函数.pptx
2025-06-08 13:02:35,339 - 跳过已处理文件：D:/定期练手/自动归纳/monitor\3.3幂函数.pptx
2025-06-08 13:06:18,224 - 应用已启动，常驻系统托盘中...
2025-06-08 13:06:34,410 - 等待 4 秒后尝试识别文件：D:/定期练手/自动归纳/monitor\3.2DNA的结构课件.pptx
2025-06-08 13:06:34,729 - 跳过已处理文件：D:/定期练手/自动归纳/monitor\3.2DNA的结构课件.pptx
2025-06-08 13:06:39,164 - 文件 3.2DNA的结构课件.pptx 分类为：语文，已归类到 语文/
2025-06-08 13:06:43,168 - 等待 4 秒后尝试识别文件：D:/定期练手/自动归纳/monitor\AutoClassified\语文\3.2DNA的结构课件.pptx
2025-06-08 13:06:48,045 - 文件 3.2DNA的结构课件.pptx 分类为：语文，已归类到 语文/
2025-06-08 13:19:00,613 - 应用已启动，常驻系统托盘中...
2025-06-08 13:19:21,145 - 等待 1 秒后尝试识别文件：D:/定期练手/自动归纳/monitor\3.2DNA的结构课件.pptx
2025-06-08 13:19:21,416 - 跳过已处理文件：D:/定期练手/自动归纳/monitor\3.2DNA的结构课件.pptx
2025-06-08 13:19:22,155 - 无法识别文件类型或内容太少：3.2DNA的结构课件.pptx
2025-06-08 13:19:31,970 - 等待 1 秒后尝试识别文件：D:/定期练手/自动归纳/monitor\1.5全称量词与存在量词.pptx
2025-06-08 13:19:32,299 - 跳过已处理文件：D:/定期练手/自动归纳/monitor\1.5全称量词与存在量词.pptx
2025-06-08 13:19:32,988 - 无法识别文件类型或内容太少：1.5全称量词与存在量词.pptx
2025-06-08 13:20:10,749 - 应用已启动，常驻系统托盘中...
2025-06-08 13:20:17,645 - 等待 3 秒后尝试识别文件：D:/定期练手/自动归纳/monitor\1.13-函数复习.pptx
2025-06-08 13:20:18,371 - 跳过已处理文件：D:/定期练手/自动归纳/monitor\1.13-函数复习.pptx
2025-06-08 13:20:20,661 - 无法识别文件类型或内容太少：1.13-函数复习.pptx
2025-06-08 13:21:37,741 - 应用已启动，常驻系统托盘中...
2025-06-08 13:21:48,592 - 等待 3 秒后尝试识别文件：D:/定期练手/自动归纳/monitor\1.13-函数复习.pptx
2025-06-08 13:21:48,891 - 跳过已处理文件：D:/定期练手/自动归纳/monitor\1.13-函数复习.pptx
2025-06-08 13:21:51,604 - 无法识别文件类型或内容太少：1.13-函数复习.pptx
2025-06-08 13:21:55,038 - 等待 3 秒后尝试识别文件：D:/定期练手/自动归纳/monitor\匀变速直线运动规律应用ck(1).pptx
2025-06-08 13:21:55,348 - 跳过已处理文件：D:/定期练手/自动归纳/monitor\匀变速直线运动规律应用ck(1).pptx
2025-06-08 13:21:58,284 - 无法识别文件类型或内容太少：匀变速直线运动规律应用ck(1).pptx
2025-06-08 13:22:38,536 - 应用已启动，常驻系统托盘中...
2025-06-08 13:22:43,179 - 等待 3 秒后尝试识别文件：D:/定期练手/自动归纳/monitor\重力弹力习题课ck.pptx
2025-06-08 13:22:43,443 - 跳过已处理文件：D:/定期练手/自动归纳/monitor\重力弹力习题课ck.pptx
2025-06-08 13:22:46,422 - 无法识别文件类型或内容太少：重力弹力习题课ck.pptx
2025-06-08 13:26:36,491 - 应用已启动，常驻系统托盘中...
2025-06-08 13:26:47,125 - 无法识别文件类型或内容太少：习题课变力问题ck.pptx
2025-06-08 13:26:47,371 - 无法识别文件类型或内容太少：习题课变力问题ck.pptx
2025-06-08 13:51:51,515 - 应用已启动，常驻系统托盘中...
2025-06-08 13:52:16,768 - 等待 3 秒后尝试识别文件：D:/定期练手/自动归纳/monitor\@第一节   钠及其化合物  第一课时.pdf
2025-06-08 13:52:17,120 - 跳过已处理文件：D:/定期练手/自动归纳/monitor\@第一节   钠及其化合物  第一课时.pdf
2025-06-08 13:52:21,036 - [AI模型识别] 文件 @第一节   钠及其化合物  第一课时.pdf 分类为：语文
2025-06-08 13:52:21,042 - 文件 @第一节   钠及其化合物  第一课时.pdf 分类为：语文，已归类到 D:/定期练手/自动归纳/classified\语文/
2025-06-08 13:52:56,309 - 等待 3 秒后尝试识别文件：D:/定期练手/自动归纳/monitor\第三节 氧化还原反应第2课时.pdf
2025-06-08 13:52:56,607 - 跳过已处理文件：D:/定期练手/自动归纳/monitor\第三节 氧化还原反应第2课时.pdf
2025-06-08 13:52:59,539 - [文件名识别] 文件 第三节 氧化还原反应第2课时.pdf 分类为：化学
2025-06-08 13:52:59,545 - 文件 第三节 氧化还原反应第2课时.pdf 分类为：化学，已归类到 D:/定期练手/自动归纳/classified\化学/
2025-06-08 13:53:27,261 - 等待 3 秒后尝试识别文件：D:/定期练手/自动归纳/monitor\追及相遇问题ck(1).pptx
2025-06-08 13:53:27,575 - 跳过已处理文件：D:/定期练手/自动归纳/monitor\追及相遇问题ck(1).pptx
2025-06-08 13:53:30,278 - [文件名识别] 文件 追及相遇问题ck(1).pptx 分类为：物理
2025-06-08 13:53:30,479 - 文件 追及相遇问题ck(1).pptx 分类为：物理，已归类到 D:/定期练手/自动归纳/classified\物理/
2025-06-08 13:53:42,051 - 等待 3 秒后尝试识别文件：D:/定期练手/自动归纳/monitor\1.5全称量词与存在量词.pptx
2025-06-08 13:53:42,323 - 跳过已处理文件：D:/定期练手/自动归纳/monitor\1.5全称量词与存在量词.pptx
2025-06-08 13:53:45,943 - [AI模型识别] 文件 1.5全称量词与存在量词.pptx 分类为：语文
2025-06-08 13:53:45,950 - 文件 1.5全称量词与存在量词.pptx 分类为：语文，已归类到 D:/定期练手/自动归纳/classified\语文/
2025-06-08 14:05:25,306 - 等待 3 秒后尝试识别文件：D:/定期练手/自动归纳/monitor\1.2集合间的基本关系.pptx
2025-06-08 14:05:25,578 - 跳过已处理文件：D:/定期练手/自动归纳/monitor\1.2集合间的基本关系.pptx
2025-06-08 14:05:28,328 - [文件名识别] 文件 1.2集合间的基本关系.pptx 分类为：数学
2025-06-08 14:05:28,333 - 文件 1.2集合间的基本关系.pptx 分类为：数学，已归类到 D:/定期练手/自动归纳/classified\数学/
2025-06-08 14:05:28,333 - 文件移动失败：1.2集合间的基本关系.pptx -> D:/定期练手/自动归纳/classified\数学 - name 'Tk' is not defined
2025-06-08 14:07:08,909 - 等待 3 秒后尝试识别文件：D:/定期练手/自动归纳/monitor\1.3集合的基本运算.pptx
2025-06-08 14:07:09,269 - 跳过已处理文件：D:/定期练手/自动归纳/monitor\1.3集合的基本运算.pptx
2025-06-08 14:07:11,923 - [文件名识别] 文件 1.3集合的基本运算.pptx 分类为：数学
2025-06-08 14:07:11,926 - 文件 1.3集合的基本运算.pptx 分类为：数学，已归类到 D:/定期练手/自动归纳/classified\数学/
2025-06-08 14:41:47,912 - 应用已启动，常驻系统托盘中...
2025-06-08 14:41:55,707 - 等待 3 秒后尝试识别文件：D:/定期练手/自动归纳/monitor\1.3集合的基本运算.pptx
2025-06-08 14:41:56,040 - 跳过已处理文件：D:/定期练手/自动归纳/monitor\1.3集合的基本运算.pptx
2025-06-08 14:41:59,125 - [文件名识别] 文件 1.3集合的基本运算.pptx 分类为：数学
2025-06-08 14:41:59,439 - 文件 1.3集合的基本运算.pptx 分类为：数学，已归类到 D:/定期练手/自动归纳/classified\数学/
2025-06-08 14:47:27,400 - 应用已启动，常驻系统托盘中...
2025-06-08 15:00:54,647 - 应用已启动，常驻系统托盘中...
2025-06-08 15:02:12,868 - 等待 3 秒后尝试识别文件：D:/定期练手/自动归纳/monitor\1.1集合的概念.pptx
2025-06-08 15:02:13,206 - 跳过已处理文件：D:/定期练手/自动归纳/monitor\1.1集合的概念.pptx
2025-06-08 15:02:16,075 - [文件名识别] 文件 1.1集合的概念.pptx 分类为：数学
2025-06-08 15:02:16,080 - 文件 1.1集合的概念.pptx 分类为：数学，已归类到 D:/定期练手/自动归纳/classified\数学/
2025-06-08 15:02:51,631 - 跳过已处理文件：D:/定期练手/自动归纳/monitor\1.1集合的概念.pptx
2025-06-08 15:02:52,006 - 跳过已处理文件：D:/定期练手/自动归纳/monitor\1.1集合的概念.pptx
2025-06-08 15:03:08,415 - 等待 3 秒后尝试识别文件：D:/定期练手/自动归纳/monitor\1.5全称量词与存在量词.pptx
2025-06-08 15:03:08,782 - 跳过已处理文件：D:/定期练手/自动归纳/monitor\1.5全称量词与存在量词.pptx
2025-06-08 15:03:12,617 - [AI模型识别] 文件 1.5全称量词与存在量词.pptx 分类为：语文
2025-06-08 15:03:12,653 - 文件 1.5全称量词与存在量词.pptx 分类为：语文，已归类到 D:/定期练手/自动归纳/classified\语文/
2025-06-08 15:03:17,944 - 文件 1.5全称量词与存在量词.pptx 被标记为误判，已移回监控目录
2025-06-08 15:03:17,944 - 用户标记为误判，文件 1.5全称量词与存在量词.pptx 已移回
2025-06-08 15:03:17,945 - 跳过已处理文件：D:/定期练手/自动归纳/monitor\1.5全称量词与存在量词.pptx
2025-06-08 15:07:07,942 - 应用已启动，常驻系统托盘中...
2025-06-08 15:07:21,364 - 等待 3 秒后尝试识别文件：D:/定期练手/自动归纳/monitor\1.12-函数复习.pptx
2025-06-08 15:07:21,681 - 跳过已处理文件：D:/定期练手/自动归纳/monitor\1.12-函数复习.pptx
2025-06-08 15:07:24,891 - [文件名识别] 文件 1.12-函数复习.pptx 分类为：数学
2025-06-08 15:07:24,897 - 文件 1.12-函数复习.pptx 分类为：数学，已归类到 D:/定期练手/自动归纳/classified\数学/
2025-06-08 15:07:29,366 - 文件 1.12-函数复习.pptx 被标记为误判，已移回监控目录
2025-06-08 15:07:29,366 - 跳过已处理文件：D:/定期练手/自动归纳/monitor\1.12-函数复习.pptx
2025-06-08 15:07:29,367 - 用户标记为误判，文件 1.12-函数复习.pptx 已移回
2025-06-08 15:07:38,159 - 等待 3 秒后尝试识别文件：D:/定期练手/自动归纳/monitor\1.4充分条件与必要条件.pptx
2025-06-08 15:07:38,551 - 跳过已处理文件：D:/定期练手/自动归纳/monitor\1.4充分条件与必要条件.pptx
2025-06-08 15:07:41,683 - [AI模型识别] 文件 1.4充分条件与必要条件.pptx 分类为：语文
2025-06-08 15:07:41,685 - 文件 1.4充分条件与必要条件.pptx 分类为：语文，已归类到 D:/定期练手/自动归纳/classified\语文/
2025-06-08 15:22:27,060 - 应用已启动，常驻系统托盘中...
2025-06-08 15:22:35,585 - 等待 3 秒后尝试识别文件：D:/定期练手/自动归纳/monitor\3.3幂函数.pptx
2025-06-08 15:22:35,873 - 跳过已处理文件：D:/定期练手/自动归纳/monitor\3.3幂函数.pptx
2025-06-08 15:22:38,795 - [文件名识别] 文件 3.3幂函数.pptx 分类为：数学
2025-06-08 15:22:39,028 - 文件 3.3幂函数.pptx 分类为：数学，已归类到 D:/定期练手/自动归纳/classified\数学/
2025-06-08 15:23:09,370 - 等待 3 秒后尝试识别文件：D:/定期练手/自动归纳/monitor\1.5全称量词与存在量词.pptx
2025-06-08 15:23:09,683 - 跳过已处理文件：D:/定期练手/自动归纳/monitor\1.5全称量词与存在量词.pptx
2025-06-08 15:23:12,612 - [AI模型识别] 文件 1.5全称量词与存在量词.pptx 分类为：语文
2025-06-08 15:23:12,617 - 文件 1.5全称量词与存在量词.pptx 分类为：语文，已归类到 D:/定期练手/自动归纳/classified\语文/
2025-06-08 15:26:10,771 - 等待 3 秒后尝试识别文件：D:/定期练手/自动归纳/monitor\3.2.2函数的奇偶性.pptx.D44F7E408A232553B128DA27FD796095.20241012091337438.pptx
2025-06-08 15:26:11,051 - 跳过已处理文件：D:/定期练手/自动归纳/monitor\3.2.2函数的奇偶性.pptx.D44F7E408A232553B128DA27FD796095.20241012091337438.pptx
2025-06-08 15:26:13,778 - [文件名识别] 文件 3.2.2函数的奇偶性.pptx.D44F7E408A232553B128DA27FD796095.20241012091337438.pptx 分类为：数学
2025-06-08 15:26:13,793 - 文件 3.2.2函数的奇偶性.pptx.D44F7E408A232553B128DA27FD796095.20241012091337438.pptx 分类为：数学，已归类到 D:/定期练手/自动归纳/classified\数学/
2025-06-08 15:35:43,225 - 应用已启动，常驻系统托盘中...
2025-06-08 15:35:54,788 - 等待 3 秒后尝试识别文件：D:/定期练手/自动归纳/monitor\3.2.2函数的奇偶性.pptx (2).pptx
2025-06-08 15:35:55,139 - 跳过已处理文件：D:/定期练手/自动归纳/monitor\3.2.2函数的奇偶性.pptx (2).pptx
2025-06-08 15:35:57,817 - [文件名识别] 文件 3.2.2函数的奇偶性.pptx (2).pptx 分类为：数学
2025-06-08 15:35:57,830 - 文件 3.2.2函数的奇偶性.pptx (2).pptx 分类为：数学，已归类到 D:/定期练手/自动归纳/classified\数学/
2025-06-08 15:36:24,471 - 等待 3 秒后尝试识别文件：D:/定期练手/自动归纳/monitor\5.1.1任意角.pptx
2025-06-08 15:36:24,794 - 跳过已处理文件：D:/定期练手/自动归纳/monitor\5.1.1任意角.pptx
2025-06-08 15:36:27,479 - PPTX提取失败: D:/定期练手/自动归纳/monitor\5.1.1任意角.pptx - Package not found at 'D:/定期练手/自动归纳/monitor\5.1.1任意角.pptx'
2025-06-08 15:36:27,479 - 无法识别文件类型或内容太少：5.1.1任意角.pptx
2025-06-08 15:36:37,243 - 等待 3 秒后尝试识别文件：D:/定期练手/自动归纳/monitor\4.4对数函数.pptx
2025-06-08 15:36:37,608 - 跳过已处理文件：D:/定期练手/自动归纳/monitor\4.4对数函数.pptx
2025-06-08 15:36:40,274 - [文件名识别] 文件 4.4对数函数.pptx 分类为：数学
2025-06-08 15:36:41,824 - 文件 4.4对数函数.pptx 分类为：数学，已归类到 D:/定期练手/自动归纳/classified\数学/
2025-06-08 16:07:27,192 - 应用已启动，常驻系统托盘中...
2025-06-08 16:07:35,947 - 等待 3 秒后尝试识别文件：D:/定期练手/自动归纳/monitor\4.4对数函数（旭华班）.pptx
2025-06-08 16:07:36,309 - 跳过已处理文件：D:/定期练手/自动归纳/monitor\4.4对数函数（旭华班）.pptx
2025-06-08 16:07:39,117 - [文件名识别] 文件 4.4对数函数（旭华班）.pptx 分类为：数学
2025-06-08 16:07:49,656 - 文件移回失败：4.4对数函数（旭华班）.pptx -> D:/定期练手/自动归纳/monitor - [Errno 2] No such file or directory: 'D:/定期练手/自动归纳/monitor\\4.4对数函数（旭华班）.pptx'
2025-06-08 16:07:49,656 - 用户标记为误判，文件 4.4对数函数（旭华班）.pptx 已移回
2025-06-08 16:11:12,464 - 应用已启动，常驻系统托盘中...
2025-06-08 16:11:13,403 - 等待 3 秒后尝试识别文件：D:/定期练手/自动归纳/monitor\4.5.1 函数的零点与方程的解.ppt
2025-06-08 16:11:13,761 - 跳过已处理文件：D:/定期练手/自动归纳/monitor\4.5.1 函数的零点与方程的解.ppt
2025-06-08 16:11:16,457 - [文件名识别] 文件 4.5.1 函数的零点与方程的解.ppt 分类为：数学
2025-06-08 16:11:26,724 - 文件移回失败：4.5.1 函数的零点与方程的解.ppt -> D:/定期练手/自动归纳/monitor - [Errno 2] No such file or directory: 'D:/定期练手/自动归纳/classified\\4.5.1 函数的零点与方程的解.ppt'
2025-06-08 16:11:26,725 - 用户标记为误判，文件 4.5.1 函数的零点与方程的解.ppt 已移回
2025-06-08 16:13:54,696 - 应用已启动，常驻系统托盘中...
2025-06-08 16:14:02,144 - 等待 3 秒后尝试识别文件：D:/定期练手/自动归纳/monitor\4.5.2 用二分法求方程的近似解.ppt
2025-06-08 16:14:02,457 - 跳过已处理文件：D:/定期练手/自动归纳/monitor\4.5.2 用二分法求方程的近似解.ppt
2025-06-08 16:14:05,480 - [文件名识别] 文件 4.5.2 用二分法求方程的近似解.ppt 分类为：数学
2025-06-08 16:14:15,510 - 文件移回失败：4.5.2 用二分法求方程的近似解.ppt -> D:/定期练手/自动归纳/monitor - [Errno 2] No such file or directory: 'D:/定期练手/自动归纳/classified\\4.5.2 用二分法求方程的近似解.ppt'
2025-06-08 16:14:15,510 - 用户标记为误判，文件 4.5.2 用二分法求方程的近似解.ppt 已移回
2025-06-08 16:15:21,221 - 跳过已处理文件：D:/定期练手/自动归纳/monitor\4.5.2 用二分法求方程的近似解.ppt
2025-06-08 16:15:21,519 - 跳过已处理文件：D:/定期练手/自动归纳/monitor\4.5.2 用二分法求方程的近似解.ppt
2025-06-08 16:15:40,133 - 等待 3 秒后尝试识别文件：D:/定期练手/自动归纳/monitor\4.4对数函数.pptx
2025-06-08 16:15:40,513 - 跳过已处理文件：D:/定期练手/自动归纳/monitor\4.4对数函数.pptx
2025-06-08 16:15:43,210 - [文件名识别] 文件 4.4对数函数.pptx 分类为：数学
2025-06-08 16:15:53,472 - 文件 4.4对数函数.pptx 分类为：数学，已归类到 D:/定期练手/自动归纳/classified\数学/
2025-06-08 16:21:21,266 - 应用已启动，常驻系统托盘中...
2025-06-08 16:21:25,167 - 等待 3 秒后尝试识别文件：D:/定期练手/自动归纳/monitor\4.4对数函数（12班）.pptx
2025-06-08 16:21:25,495 - 跳过已处理文件：D:/定期练手/自动归纳/monitor\4.4对数函数（12班）.pptx
2025-06-08 16:21:28,403 - [文件名识别] 文件 4.4对数函数（12班）.pptx 分类为：数学
2025-06-08 16:21:39,246 - 文件移回失败：4.4对数函数（12班）.pptx -> D:/定期练手/自动归纳/monitor - [Errno 2] No such file or directory: 'D:/定期练手/自动归纳/classified\\4.4对数函数（12班）.pptx'
2025-06-08 16:21:39,247 - 用户标记为误判
2025-06-08 16:27:23,020 - 应用已启动，常驻系统托盘中...
2025-06-08 16:27:26,022 - 等待 3 秒后尝试识别文件：D:/定期练手/自动归纳/monitor\3.2.2函数的奇偶性.pptx (3).pptx
2025-06-08 16:27:26,362 - 跳过已处理文件：D:/定期练手/自动归纳/monitor\3.2.2函数的奇偶性.pptx (3).pptx
2025-06-08 16:27:29,084 - [文件名识别] 文件 3.2.2函数的奇偶性.pptx (3).pptx 分类为：数学
2025-06-08 16:27:39,774 - [文件名识别] 文件 3.2.2函数的奇偶性.pptx (3).pptx 分类为：数学
2025-06-08 16:27:39,778 - 文件 3.2.2函数的奇偶性.pptx (3).pptx 被标记为误判，已移回监控目录
2025-06-08 16:27:39,778 - 用户标记为误判
2025-06-08 16:29:43,054 - 应用已启动，常驻系统托盘中...
2025-06-08 16:29:46,943 - 等待 3 秒后尝试识别文件：D:/定期练手/自动归纳/monitor\3.3幂函数.pptx
2025-06-08 16:29:47,304 - 跳过已处理文件：D:/定期练手/自动归纳/monitor\3.3幂函数.pptx
2025-06-08 16:29:50,895 - [文件名识别] 文件 3.3幂函数.pptx 分类为：数学
2025-06-08 16:30:01,156 - [文件名识别] 文件 3.3幂函数.pptx 分类为：数学
2025-06-08 16:30:01,160 - 文件移回失败：3.3幂函数.pptx -> D:/定期练手/自动归纳/monitor - [Errno 2] No such file or directory: 'D:/定期练手/自动归纳/classified/数学\\3.3幂函数.pptx'
2025-06-08 16:30:01,160 - 用户标记为误判
2025-06-08 16:30:17,215 - 等待 3 秒后尝试识别文件：D:/定期练手/自动归纳/monitor\3.2.2函数的奇偶性.pptx.pptx
2025-06-08 16:30:17,566 - 跳过已处理文件：D:/定期练手/自动归纳/monitor\3.2.2函数的奇偶性.pptx.pptx
2025-06-08 16:30:20,269 - [文件名识别] 文件 3.2.2函数的奇偶性.pptx.pptx 分类为：数学
2025-06-08 16:30:30,323 - 文件 3.2.2函数的奇偶性.pptx.pptx 分类为：数学，已归类到 D:/定期练手/自动归纳/classified\数学/
2025-06-08 16:31:09,005 - 等待 3 秒后尝试识别文件：D:/定期练手/自动归纳/monitor\1.5全称量词与存在量词.pptx
2025-06-08 16:31:09,352 - 跳过已处理文件：D:/定期练手/自动归纳/monitor\1.5全称量词与存在量词.pptx
2025-06-08 16:31:12,868 - [AI模型识别] 文件 1.5全称量词与存在量词.pptx 分类为：语文
2025-06-08 16:31:23,195 - [AI模型识别] 文件 1.5全称量词与存在量词.pptx 分类为：语文
2025-06-08 16:31:23,199 - 文件移回失败：1.5全称量词与存在量词.pptx -> D:/定期练手/自动归纳/monitor - [Errno 2] No such file or directory: 'D:/定期练手/自动归纳/classified/语文\\1.5全称量词与存在量词.pptx'
2025-06-08 16:31:23,200 - 用户标记为误判
2025-06-08 16:37:16,949 - AI课件分类器已启动，常驻系统托盘中...
2025-06-08 16:37:26,274 - 等待 3 秒后尝试识别文件：D:/定期练手/自动归纳/monitor\1.1集合的概念.pptx
2025-06-08 16:37:26,534 - 跳过已处理文件：D:/定期练手/自动归纳/monitor\1.1集合的概念.pptx
2025-06-08 16:37:29,509 - [文件名识别] 文件 1.1集合的概念.pptx 分类为：数学
2025-06-08 16:37:35,132 - [文件名识别] 文件 1.1集合的概念.pptx 分类为：数学
2025-06-08 16:37:35,136 - 文件移回失败：1.1集合的概念.pptx -> D:/定期练手/自动归纳/monitor - [Errno 2] No such file or directory: 'D:/定期练手/自动归纳/classified/数学\\1.1集合的概念.pptx'
2025-06-08 16:37:35,137 - 用户标记为误判
2025-06-08 16:38:05,602 - AI课件分类器已启动，常驻系统托盘中...
2025-06-08 16:38:08,919 - 等待 3 秒后尝试识别文件：D:/定期练手/自动归纳/monitor\1.2集合间的基本关系.pptx
2025-06-08 16:38:09,221 - 跳过已处理文件：D:/定期练手/自动归纳/monitor\1.2集合间的基本关系.pptx
2025-06-08 16:38:12,549 - [文件名识别] 文件 1.2集合间的基本关系.pptx 分类为：数学
2025-06-08 16:38:17,651 - 文件 1.2集合间的基本关系.pptx 分类为：数学，已归类到 D:/定期练手/自动归纳/classified\数学/
2025-06-08 16:40:08,364 - AI课件分类器已启动，常驻系统托盘中...
2025-06-08 16:40:16,824 - 等待 3 秒后尝试识别文件：D:/定期练手/自动归纳/monitor\1.12三角函数部分题目.pptx
2025-06-08 16:40:17,163 - 跳过已处理文件：D:/定期练手/自动归纳/monitor\1.12三角函数部分题目.pptx
2025-06-08 16:40:19,847 - [文件名识别] 文件 1.12三角函数部分题目.pptx 分类为：数学
2025-06-08 16:40:24,923 - 文件 1.12三角函数部分题目.pptx 分类为：数学，已归类到 D:/定期练手/自动归纳/classified\数学/
2025-06-08 16:40:58,876 - 等待 3 秒后尝试识别文件：D:/定期练手/自动归纳/monitor\运动的合成与分解ck.pptx
2025-06-08 16:40:59,454 - 跳过已处理文件：D:/定期练手/自动归纳/monitor\运动的合成与分解ck.pptx
2025-06-08 16:41:02,885 - [文件名识别] 文件 运动的合成与分解ck.pptx 分类为：物理
2025-06-08 16:41:07,919 - [文件名识别] 文件 运动的合成与分解ck.pptx 分类为：物理
2025-06-08 16:41:07,923 - 文件移回失败：运动的合成与分解ck.pptx -> D:/定期练手/自动归纳/monitor - [Errno 2] No such file or directory: 'D:/定期练手/自动归纳/classified/物理\\运动的合成与分解ck.pptx'
2025-06-08 16:41:07,924 - 用户标记为误判
2025-06-08 16:41:39,912 - 等待 3 秒后尝试识别文件：D:/定期练手/自动归纳/monitor\重力弹力习题课ck.pptx
2025-06-08 16:41:40,199 - 跳过已处理文件：D:/定期练手/自动归纳/monitor\重力弹力习题课ck.pptx
2025-06-08 16:41:42,928 - [文件名识别] 文件 重力弹力习题课ck.pptx 分类为：物理
2025-06-08 16:41:47,955 - 文件 重力弹力习题课ck.pptx 分类为：物理，已归类到 D:/定期练手/自动归纳/classified\物理/
2025-06-08 16:42:21,376 - 等待 3 秒后尝试识别文件：D:/定期练手/自动归纳/monitor\探究小车速度随时间变化的规律.pptx
2025-06-08 16:42:21,690 - 跳过已处理文件：D:/定期练手/自动归纳/monitor\探究小车速度随时间变化的规律.pptx
2025-06-08 16:42:25,588 - [AI模型识别] 文件 探究小车速度随时间变化的规律.pptx 分类为：语文
2025-06-08 16:42:30,827 - [AI模型识别] 文件 探究小车速度随时间变化的规律.pptx 分类为：语文
2025-06-08 16:42:30,830 - 文件移回失败：探究小车速度随时间变化的规律.pptx -> D:/定期练手/自动归纳/monitor - [Errno 2] No such file or directory: 'D:/定期练手/自动归纳/classified/语文\\探究小车速度随时间变化的规律.pptx'
2025-06-08 16:42:30,831 - 用户标记为误判
2025-06-08 16:43:47,631 - AI课件分类器已启动，常驻系统托盘中...
2025-06-08 16:43:48,666 - 等待 3 秒后尝试识别文件：D:/定期练手/自动归纳/monitor\新授课：宇宙航行ck.pptx
2025-06-08 16:43:48,968 - 跳过已处理文件：D:/定期练手/自动归纳/monitor\新授课：宇宙航行ck.pptx
2025-06-08 16:43:52,253 - [文件名识别] 文件 新授课：宇宙航行ck.pptx 分类为：物理
2025-06-08 16:43:52,265 - 文件移动失败：新授课：宇宙航行ck.pptx -> D:/定期练手/自动归纳/classified\物理 - Invalid parameter count
2025-06-08 16:44:30,632 - AI课件分类器已启动，常驻系统托盘中...
2025-06-08 16:44:32,515 - 等待 3 秒后尝试识别文件：D:/定期练手/自动归纳/monitor\新授课：万有引力定律的成就ck.pptx
2025-06-08 16:44:32,950 - 跳过已处理文件：D:/定期练手/自动归纳/monitor\新授课：万有引力定律的成就ck.pptx
2025-06-08 16:44:36,782 - [文件名识别] 文件 新授课：万有引力定律的成就ck.pptx 分类为：物理
2025-06-08 16:44:42,253 - 文件 新授课：万有引力定律的成就ck.pptx 分类为：物理，已归类到 D:/定期练手/自动归纳/classified\物理/
2025-06-08 16:45:11,712 - 等待 3 秒后尝试识别文件：D:/定期练手/自动归纳/monitor\22222.pptx
2025-06-08 16:45:12,026 - 跳过已处理文件：D:/定期练手/自动归纳/monitor\22222.pptx
2025-06-08 16:45:15,130 - [AI模型识别] 文件 22222.pptx 分类为：语文
2025-06-08 16:45:20,278 - [AI模型识别] 文件 22222.pptx 分类为：语文
2025-06-08 16:45:20,280 - 文件移回失败：22222.pptx -> D:/定期练手/自动归纳/monitor - [Errno 2] No such file or directory: 'D:/定期练手/自动归纳/classified/语文\\22222.pptx'
2025-06-08 16:45:20,282 - 用户标记为误判
2025-06-08 16:45:31,792 - 等待 3 秒后尝试识别文件：D:/定期练手/自动归纳/monitor\新授课：抛体运动的规律ck.pptx
2025-06-08 16:45:32,158 - 跳过已处理文件：D:/定期练手/自动归纳/monitor\新授课：抛体运动的规律ck.pptx
2025-06-08 16:45:34,822 - [文件名识别] 文件 新授课：抛体运动的规律ck.pptx 分类为：物理
2025-06-08 16:45:39,846 - [文件名识别] 文件 新授课：抛体运动的规律ck.pptx 分类为：物理
2025-06-08 16:45:39,850 - 文件移回失败：新授课：抛体运动的规律ck.pptx -> D:/定期练手/自动归纳/monitor - [Errno 2] No such file or directory: 'D:/定期练手/自动归纳/classified/物理\\新授课：抛体运动的规律ck.pptx'
2025-06-08 16:45:39,851 - 用户标记为误判
2025-06-08 18:38:59,748 - AI课件分类器已启动，常驻系统托盘中...
2025-06-08 18:39:06,082 - 等待 3 秒后尝试识别文件：D:/定期练手/自动归纳/monitor\4.4对数函数.pptx
2025-06-08 18:39:06,405 - 跳过已处理文件：D:/定期练手/自动归纳/monitor\4.4对数函数.pptx
2025-06-08 18:39:09,484 - [文件名识别] 文件 4.4对数函数.pptx 分类为：数学
2025-06-08 18:39:09,485 - 等待用户反馈: 4.4对数函数.pptx
2025-06-08 18:39:14,966 - 用户反馈: 分类正确或超时
2025-06-08 18:39:15,011 - 文件 4.4对数函数.pptx 分类为：数学，已归类到 D:/定期练手/自动归纳/classified\数学/
2025-06-08 18:39:38,933 - AI课件分类器已启动，常驻系统托盘中...
2025-06-08 18:39:43,206 - 等待 3 秒后尝试识别文件：D:/定期练手/自动归纳/monitor\1.4充分条件与必要条件.pptx
2025-06-08 18:39:43,646 - 跳过已处理文件：D:/定期练手/自动归纳/monitor\1.4充分条件与必要条件.pptx
2025-06-08 18:39:48,463 - [AI模型识别] 文件 1.4充分条件与必要条件.pptx 分类为：语文
2025-06-08 18:39:48,464 - 等待用户反馈: 1.4充分条件与必要条件.pptx
2025-06-08 18:39:53,520 - 用户反馈: 分类错误
2025-06-08 18:39:53,520 - 文件 1.4充分条件与必要条件.pptx 被用户标记为误判，保留在原始位置
2025-06-08 18:39:53,520 - 已从处理缓存中移除: 1.4充分条件与必要条件.pptx
2025-06-08 18:39:53,522 - 用户标记为误判，文件保留在原始位置
2025-06-08 20:45:29,777 - AI课件分类器已启动，常驻系统托盘中...
2025-06-08 20:45:57,769 - 等待 3 秒后尝试识别文件：D:/定期练手/自动归纳/monitor\12_10_期中检测卷二(第一至四单元).pptx
2025-06-08 20:46:01,161 - [AI模型识别] 文件 12_10_期中检测卷二(第一至四单元).pptx 分类为：语文
2025-06-08 20:46:01,161 - 等待用户反馈: 12_10_期中检测卷二(第一至四单元).pptx
2025-06-08 20:46:06,238 - 用户反馈: 分类正确或超时
2025-06-08 20:46:06,242 - 文件 12_10_期中检测卷二(第一至四单元).pptx 分类为：语文，已归类到 D:/定期练手/自动归纳/classified\语文/
2025-06-08 20:46:28,929 - 等待 3 秒后尝试识别文件：D:/定期练手/自动归纳/monitor\10_25_期末检测卷一.pptx
2025-06-08 20:46:32,455 - [AI模型识别] 文件 10_25_期末检测卷一.pptx 分类为：语文
2025-06-08 20:46:32,456 - 等待用户反馈: 10_25_期末检测卷一.pptx
2025-06-08 20:46:37,481 - 用户反馈: 分类正确或超时
2025-06-08 20:46:37,483 - 文件 10_25_期末检测卷一.pptx 分类为：语文，已归类到 D:/定期练手/自动归纳/classified\语文/
2025-06-08 20:46:45,451 - 等待 3 秒后尝试识别文件：D:/定期练手/自动归纳/monitor\9_26_期末检测卷二.pptx
2025-06-08 20:46:48,668 - [AI模型识别] 文件 9_26_期末检测卷二.pptx 分类为：语文
2025-06-08 20:46:48,668 - 等待用户反馈: 9_26_期末检测卷二.pptx
2025-06-08 20:46:53,683 - 用户反馈: 分类正确或超时
2025-06-08 20:46:53,686 - 文件 9_26_期末检测卷二.pptx 分类为：语文，已归类到 D:/定期练手/自动归纳/classified\语文/
2025-06-09 17:10:39,079 - AI课件分类器已启动，常驻系统托盘中...
2025-06-09 17:15:07,374 - 文件监视已启动
2025-06-09 17:15:13,263 - 文件监视已暂停
2025-06-09 17:15:13,263 - An error occurred when calling message handler
Traceback (most recent call last):
  File "D:\定期练手\自动归纳\.venv\lib\site-packages\pystray\_win32.py", line 412, in _dispatcher
    return int(icon._message_handlers.get(
  File "D:\定期练手\自动归纳\.venv\lib\site-packages\pystray\_win32.py", line 224, in _on_notify
    descriptors[index - 1](self)
  File "D:\定期练手\自动归纳\.venv\lib\site-packages\pystray\_base.py", line 328, in inner
    callback(self)
  File "D:\定期练手\自动归纳\.venv\lib\site-packages\pystray\_base.py", line 453, in __call__
    return self._action(icon, self)
  File "D:\定期练手\自动归纳\file_classifier_canary.py", line 382, in toggle_watcher
    item.text = "恢复监视"
AttributeError: can't set attribute
2025-06-09 17:15:15,604 - 文件监视已启动
2025-06-09 17:15:15,605 - An error occurred when calling message handler
Traceback (most recent call last):
  File "D:\定期练手\自动归纳\.venv\lib\site-packages\pystray\_win32.py", line 412, in _dispatcher
    return int(icon._message_handlers.get(
  File "D:\定期练手\自动归纳\.venv\lib\site-packages\pystray\_win32.py", line 224, in _on_notify
    descriptors[index - 1](self)
  File "D:\定期练手\自动归纳\.venv\lib\site-packages\pystray\_base.py", line 328, in inner
    callback(self)
  File "D:\定期练手\自动归纳\.venv\lib\site-packages\pystray\_base.py", line 453, in __call__
    return self._action(icon, self)
  File "D:\定期练手\自动归纳\file_classifier_canary.py", line 379, in toggle_watcher
    item.text = "暂停监视"
AttributeError: can't set attribute
2025-06-09 17:17:00,856 - 等待 3 秒后尝试识别文件：D:/定期练手/自动归纳/monitor\3.3幂函数.pptx
2025-06-09 17:17:00,969 - 跳过已处理文件：D:/定期练手/自动归纳/monitor\3.3幂函数.pptx
2025-06-09 17:17:03,868 - [文件名识别] 文件 3.3幂函数.pptx 分类为：数学
2025-06-09 17:17:03,869 - 等待用户反馈: 3.3幂函数.pptx
2025-06-09 17:17:08,904 - 用户反馈: 分类正确或超时
2025-06-09 17:17:08,922 - 文件 3.3幂函数.pptx 分类为：数学，已归类到 D:/定期练手/自动归纳/classified\数学/
2025-06-09 17:20:43,198 - 文件监视已启动
2025-06-09 17:20:50,957 - 等待 3 秒后尝试识别文件：D:/定期练手/自动归纳/monitor\3.2DNA的结构课件.pptx
2025-06-09 17:20:51,087 - 跳过已处理文件：D:/定期练手/自动归纳/monitor\3.2DNA的结构课件.pptx
2025-06-09 17:20:54,104 - [文件名识别] 文件 3.2DNA的结构课件.pptx 分类为：生物
2025-06-09 17:20:54,106 - 等待用户反馈: 3.2DNA的结构课件.pptx
2025-06-09 17:20:54,114 - 文件处理失败：3.2DNA的结构课件.pptx - '_winrt_Windows_Data_Xml_Dom.IXmlNode' object has no attribute 'set_attribute'
2025-06-09 17:22:22,200 - 文件监视已启动
2025-06-09 17:22:29,229 - 等待 3 秒后尝试识别文件：D:/定期练手/自动归纳/monitor\3.2.2函数的奇偶性.pptx.D44F7E408A232553B128DA27FD796095.20241012091337438.pptx
2025-06-09 17:22:29,356 - 跳过已处理文件：D:/定期练手/自动归纳/monitor\3.2.2函数的奇偶性.pptx.D44F7E408A232553B128DA27FD796095.20241012091337438.pptx
2025-06-09 17:22:32,246 - [文件名识别] 文件 3.2.2函数的奇偶性.pptx.D44F7E408A232553B128DA27FD796095.20241012091337438.pptx 分类为：数学
2025-06-09 17:22:32,246 - 等待用户反馈: 3.2.2函数的奇偶性.pptx.D44F7E408A232553B128DA27FD796095.20241012091337438.pptx
2025-06-09 17:22:32,250 - 文件处理失败：3.2.2函数的奇偶性.pptx.D44F7E408A232553B128DA27FD796095.20241012091337438.pptx - '_winrt_Windows_Data_Xml_Dom.XmlDocument' object has no attribute 'getElementsByTagName'
2025-06-09 17:23:59,892 - 文件监视已启动
2025-06-09 17:24:13,908 - 等待 3 秒后尝试识别文件：D:/定期练手/自动归纳/monitor\1.12-函数复习.pptx
2025-06-09 17:24:14,032 - 跳过已处理文件：D:/定期练手/自动归纳/monitor\1.12-函数复习.pptx
2025-06-09 17:24:16,978 - [文件名识别] 文件 1.12-函数复习.pptx 分类为：数学
2025-06-09 17:24:16,979 - 等待用户反馈: 1.12-函数复习.pptx
2025-06-09 17:24:16,986 - 文件处理失败：1.12-函数复习.pptx - '_winrt_Windows_Data_Xml_Dom.IXmlNode' object has no attribute 'set_attribute'
2025-06-09 17:26:27,428 - 文件监视已启动
2025-06-09 17:26:31,066 - 等待 3 秒后尝试识别文件：D:/定期练手/自动归纳/monitor\1.3集合的基本运算.pptx
2025-06-09 17:26:31,185 - 跳过已处理文件：D:/定期练手/自动归纳/monitor\1.3集合的基本运算.pptx
2025-06-09 17:26:34,082 - [文件名识别] 文件 1.3集合的基本运算.pptx 分类为：数学
2025-06-09 17:26:34,083 - 等待用户反馈: 1.3集合的基本运算.pptx
2025-06-09 17:26:39,247 - 用户反馈: 分类正确或超时
2025-06-09 17:26:39,249 - 文件 1.3集合的基本运算.pptx 分类为：数学，已归类到 D:/定期练手/自动归纳/classified\数学/
2025-06-09 17:28:01,995 - 文件监视已启动
2025-06-09 17:30:43,366 - [监视文件夹]:D:/定期练手/自动归纳/monitor
2025-06-09 17:30:43,367 - [移动文件夹]:D:/定期练手/自动归纳/classified
2025-06-09 17:30:43,368 - 文件监视已启动
2025-06-09 17:31:05,452 - 监视文件夹:D:/定期练手/自动归纳/monitor
2025-06-09 17:31:05,452 - 移动文件夹:D:/定期练手/自动归纳/classified
2025-06-09 17:31:05,453 - 文件监视已启动
2025-06-09 19:49:33,880 - 监视文件夹:D:/定期练手/自动归纳/monitor
2025-06-09 19:49:33,880 - 移动文件夹:D:/定期练手/自动归纳/classified
2025-06-09 19:49:33,882 - 文件监视已启动
2025-06-09 19:49:47,501 - 等待 3 秒后尝试识别文件：D:/定期练手/自动归纳/monitor\1.4充分条件与必要条件.pptx
2025-06-09 19:49:47,663 - 跳过已处理文件：D:/定期练手/自动归纳/monitor\1.4充分条件与必要条件.pptx
2025-06-09 19:49:51,815 - [AI模型识别] 文件 1.4充分条件与必要条件.pptx 分类为：语文
2025-06-09 19:49:51,815 - 等待用户反馈: 1.4充分条件与必要条件.pptx
2025-06-09 19:49:56,857 - 用户反馈: 分类错误
2025-06-09 19:49:56,858 - 文件 1.4充分条件与必要条件.pptx 被用户标记为误判，保留在原始位置
2025-06-09 19:49:56,859 - 已从处理缓存中移除: 1.4充分条件与必要条件.pptx
2025-06-09 19:49:56,860 - 用户标记为误判，文件保留在原始位置
2025-06-14 21:31:50,366 - 监视文件夹:D:/定期练手/自动归纳/monitor
2025-06-14 21:31:50,377 - 移动文件夹:D:/定期练手/自动归纳/classified
2025-06-14 21:31:50,379 - 文件监视已启动
2025-06-14 22:09:51,209 - 监视文件夹:D:/定期练手/自动归纳/monitor
2025-06-14 22:09:51,210 - 移动文件夹:D:/定期练手/自动归纳/classified
2025-06-14 22:09:51,211 - 文件监视已启动
2025-06-14 22:09:58,300 - 文件监视已暂停
2025-06-14 22:14:41,926 - 监视文件夹:D:/定期练手/自动归纳/monitor
2025-06-14 22:14:41,926 - 移动文件夹:D:/定期练手/自动归纳/classified
2025-06-14 22:14:41,928 - 文件监视已启动
2025-06-14 23:02:11,252 - 监视文件夹:D:/定期练手/自动归纳/monitor
2025-06-14 23:02:11,253 - 移动文件夹:D:/定期练手/自动归纳/classified
2025-06-14 23:02:11,255 - 文件监视已启动
2025-06-14 23:02:25,410 - 监视文件夹:D:/定期练手/自动归纳/monitor
2025-06-14 23:02:25,410 - 移动文件夹:D:/定期练手/自动归纳/classified
2025-06-14 23:02:25,412 - 文件监视已启动
2025-06-14 23:03:15,616 - 监视文件夹:D:/定期练手/自动归纳/monitor
2025-06-14 23:03:15,617 - 移动文件夹:D:/定期练手/自动归纳/classified
2025-06-14 23:03:15,618 - 文件监视已启动
2025-06-14 23:03:51,182 - 监视文件夹:D:/定期练手/自动归纳/monitor
2025-06-14 23:03:51,183 - 移动文件夹:D:/定期练手/自动归纳/classified
2025-06-14 23:03:51,184 - 文件监视已启动
2025-06-14 23:04:17,084 - 等待 3 秒后尝试识别文件：D:/定期练手/自动归纳/monitor\阶段检测卷一（第五章）参考答案.docx
2025-06-14 23:04:17,213 - 跳过已处理文件：D:/定期练手/自动归纳/monitor\阶段检测卷一（第五章）参考答案.docx
2025-06-14 23:04:20,113 - 无法识别文件类型或内容太少：阶段检测卷一（第五章）参考答案.docx
2025-06-14 23:04:31,580 - 等待 3 秒后尝试识别文件：D:/定期练手/自动归纳/monitor\高一级物理练习一.docx
2025-06-14 23:04:31,730 - 跳过已处理文件：D:/定期练手/自动归纳/monitor\高一级物理练习一.docx
2025-06-14 23:04:34,626 - [文件名识别] 文件 高一级物理练习一.docx 分类为：物理
2025-06-14 23:04:34,667 - 等待用户反馈: 高一级物理练习一.docx
2025-06-14 23:04:39,680 - 用户反馈: 分类正确或超时
2025-06-14 23:04:39,682 - 文件 高一级物理练习一.docx 分类为：物理，已归类到 D:/定期练手/自动归纳/classified\物理/
2025-06-14 23:07:47,415 - 监视文件夹:D:/定期练手/自动归纳/monitor
2025-06-14 23:07:47,415 - 移动文件夹:D:/定期练手/自动归纳/classified
2025-06-14 23:07:47,417 - 文件监视已启动
2025-06-14 23:07:47,442 - 发送启动通知失败: keyword arguments not supported
2025-06-14 23:08:39,260 - 监视文件夹:D:/定期练手/自动归纳/monitor
2025-06-14 23:08:39,261 - 移动文件夹:D:/定期练手/自动归纳/classified
2025-06-14 23:08:39,263 - 文件监视已启动
2025-06-14 23:09:02,376 - 等待 3 秒后尝试识别文件：D:/定期练手/自动归纳/monitor\物理培优必修一错题集（学生版）.pdf
2025-06-14 23:09:02,524 - 跳过已处理文件：D:/定期练手/自动归纳/monitor\物理培优必修一错题集（学生版）.pdf
2025-06-14 23:09:05,381 - [文件名识别] 文件 物理培优必修一错题集（学生版）.pdf 分类为：物理
2025-06-14 23:09:05,382 - 等待用户反馈: 物理培优必修一错题集（学生版）.pdf
2025-06-14 23:09:10,392 - 用户反馈: 分类正确或超时
2025-06-14 23:09:10,393 - 文件 物理培优必修一错题集（学生版）.pdf 分类为：物理，已归类到 D:/定期练手/自动归纳/classified\物理/
2025-06-14 23:09:37,810 - 监视文件夹:D:/定期练手/自动归纳/monitor
2025-06-14 23:09:37,810 - 移动文件夹:D:/定期练手/自动归纳/classified
2025-06-14 23:09:37,811 - 文件监视已启动
2025-06-14 23:09:37,840 - 发送启动通知失败: keyword arguments not supported
2025-06-14 23:09:50,088 - 监视文件夹:D:/定期练手/自动归纳/monitor
2025-06-14 23:09:50,088 - 移动文件夹:D:/定期练手/自动归纳/classified
2025-06-14 23:09:50,089 - 文件监视已启动
2025-06-14 23:10:05,791 - 监视文件夹:D:/定期练手/自动归纳/monitor
2025-06-14 23:10:05,792 - 移动文件夹:D:/定期练手/自动归纳/classified
2025-06-14 23:10:05,794 - 文件监视已启动
2025-06-14 23:10:53,011 - 监视文件夹:D:/定期练手/自动归纳/monitor
2025-06-14 23:10:53,011 - 移动文件夹:D:/定期练手/自动归纳/classified
2025-06-14 23:10:53,012 - 文件监视已启动
2025-06-14 23:11:19,247 - 监视文件夹:D:/定期练手/自动归纳/monitor
2025-06-14 23:11:19,247 - 移动文件夹:D:/定期练手/自动归纳/classified
2025-06-14 23:11:19,250 - 文件监视已启动
2025-06-14 23:11:34,404 - 监视文件夹:D:/定期练手/自动归纳/monitor
2025-06-14 23:11:34,404 - 移动文件夹:D:/定期练手/自动归纳/classified
2025-06-14 23:11:34,406 - 文件监视已启动
2025-06-22 07:48:46,435 - 监视文件夹:D:/定期练手/自动归纳/monitor
2025-06-22 07:48:46,436 - 移动文件夹:D:/定期练手/自动归纳/classified
2025-06-22 07:48:46,439 - 文件监视已启动
